This file contains any messages produced by compilers while
running configure, to aid debugging if configure makes a mistake.

It was created by METNO FMSNOWCOVER configure 0.1, which was
generated by GNU Autoconf 2.68.  Invocation command line was

  $ ./configure --prefix=/home/anettelb/cpp --with-proj=/home/anettelb/cpp --with-hef5=/usr --with-osihdf5=/home/anettelb/cpp --with-tiff=/usr --with-fmutil=/home/anettelb/cpp --with-fmio=/home/anettelb/cpp --with-milib=/usr/include/metlibs/milib -with-usenwp=/home/anettelb/cpp

## --------- ##
## Platform. ##
## --------- ##

hostname = pc4418
uname -m = x86_64
uname -r = 3.8.0-26-generic
uname -s = Linux
uname -v = #38~precise2-Ubuntu SMP Thu Jun 20 18:29:36 UTC 2013

/usr/bin/uname -p = unknown
/bin/uname -X     = unknown

/bin/arch              = unknown
/usr/bin/arch -k       = unknown
/usr/convex/getsysinfo = unknown
/usr/bin/hostinfo      = unknown
/bin/machine           = unknown
/usr/bin/oslevel       = unknown
/bin/universe          = unknown

PATH: /home/anettelb/perl5/bin
PATH: /usr/lib/lightdm/lightdm
PATH: /usr/sbin
PATH: /usr/bin
PATH: /sbin
PATH: /bin
PATH: /usr/games
PATH: /usr/local/sbin
PATH: /usr/local/bin


## ----------- ##
## Core tests. ##
## ----------- ##

configure:2083: checking for gcc
configure:2099: found /usr/bin/gcc
configure:2110: result: gcc
configure:2339: checking for C compiler version
configure:2348: gcc --version >&5
gcc (Ubuntu/Linaro 4.6.3-1ubuntu5) 4.6.3
Copyright (C) 2011 Free Software Foundation, Inc.
This is free software; see the source for copying conditions.  There is NO
warranty; not even for MERCHANTABILITY or FITNESS FOR A PARTICULAR PURPOSE.

configure:2359: $? = 0
configure:2348: gcc -v >&5
Using built-in specs.
COLLECT_GCC=gcc
COLLECT_LTO_WRAPPER=/usr/lib/gcc/x86_64-linux-gnu/4.6/lto-wrapper
Target: x86_64-linux-gnu
Configured with: ../src/configure -v --with-pkgversion='Ubuntu/Linaro 4.6.3-1ubuntu5' --with-bugurl=file:///usr/share/doc/gcc-4.6/README.Bugs --enable-languages=c,c++,fortran,objc,obj-c++ --prefix=/usr --program-suffix=-4.6 --enable-shared --enable-linker-build-id --with-system-zlib --libexecdir=/usr/lib --without-included-gettext --enable-threads=posix --with-gxx-include-dir=/usr/include/c++/4.6 --libdir=/usr/lib --enable-nls --with-sysroot=/ --enable-clocale=gnu --enable-libstdcxx-debug --enable-libstdcxx-time=yes --enable-gnu-unique-object --enable-plugin --enable-objc-gc --disable-werror --with-arch-32=i686 --with-tune=generic --enable-checking=release --build=x86_64-linux-gnu --host=x86_64-linux-gnu --target=x86_64-linux-gnu
Thread model: posix
gcc version 4.6.3 (Ubuntu/Linaro 4.6.3-1ubuntu5) 
configure:2359: $? = 0
configure:2348: gcc -V >&5
gcc: error: unrecognized option '-V'
gcc: fatal error: no input files
compilation terminated.
configure:2359: $? = 4
configure:2348: gcc -qversion >&5
gcc: error: unrecognized option '-qversion'
gcc: fatal error: no input files
compilation terminated.
configure:2359: $? = 4
configure:2379: checking whether the C compiler works
configure:2401: gcc    conftest.c  >&5
configure:2405: $? = 0
configure:2453: result: yes
configure:2456: checking for C compiler default output file name
configure:2458: result: a.out
configure:2464: checking for suffix of executables
configure:2471: gcc -o conftest    conftest.c  >&5
configure:2475: $? = 0
configure:2497: result: 
configure:2519: checking whether we are cross compiling
configure:2527: gcc -o conftest    conftest.c  >&5
configure:2531: $? = 0
configure:2538: ./conftest
configure:2542: $? = 0
configure:2557: result: no
configure:2562: checking for suffix of object files
configure:2584: gcc -c   conftest.c >&5
configure:2588: $? = 0
configure:2609: result: o
configure:2613: checking whether we are using the GNU C compiler
configure:2632: gcc -c   conftest.c >&5
configure:2632: $? = 0
configure:2641: result: yes
configure:2650: checking whether gcc accepts -g
configure:2670: gcc -c -g  conftest.c >&5
configure:2670: $? = 0
configure:2711: result: yes
configure:2728: checking for gcc option to accept ISO C89
configure:2792: gcc  -c -g -O2  conftest.c >&5
configure:2792: $? = 0
configure:2805: result: none needed
configure:2895: checking for pj_init in -lproj
configure:2920: gcc -o conftest -g -O2  -I/home/anettelb/cpp/include  -L/home/anettelb/cpp/lib conftest.c -lproj  -Wl,-rpath=/home/anettelb/cpp/lib -lproj  >&5
configure:2920: $? = 0
configure:2929: result: yes
configure:2985: checking for H5Fopen in -lhdf5
configure:3010: gcc -o conftest -g -O2  -I/home/anettelb/cpp/include  -L/home/anettelb/cpp/lib conftest.c -lhdf5  -lhdf5 -Wl,-rpath=/home/anettelb/cpp/lib -lproj  >&5
configure:3010: $? = 0
configure:3019: result: yes
configure:3078: checking for mrfelt_ in -lmi
configure:3103: gcc -o conftest -g -O2  -I/home/anettelb/cpp/include  -L/home/anettelb/cpp/lib conftest.c -lmi -lgfortran -lmi -lhdf5 -Wl,-rpath=/home/anettelb/cpp/lib -lproj  >&5
configure:3103: $? = 0
configure:3112: result: yes
configure:3178: checking for getfield_ in -lusenwp
configure:3203: gcc -o conftest -g -O2  -I/home/anettelb/cpp/include -I/home/anettelb/cpp/include  -L/home/anettelb/cpp/lib -L/home/anettelb/cpp/lib conftest.c -lusenwp  -Wl,-rpath=/home/anettelb/cpp/lib -lusenwp -lmi -lhdf5 -Wl,-rpath=/home/anettelb/cpp/lib -lproj  -lgfortran >&5
configure:3203: $? = 0
configure:3212: result: yes
configure:3269: checking for init_osihdf in -losihdf5
configure:3294: gcc -o conftest -g -O2  -I/home/anettelb/cpp/include -I/home/anettelb/cpp/include -I/home/anettelb/cpp/include  -L/home/anettelb/cpp/lib -L/home/anettelb/cpp/lib -L/home/anettelb/cpp/lib conftest.c -losihdf5  -Wl,-rpath=/home/anettelb/cpp/lib -losihdf5 -Wl,-rpath=/home/anettelb/cpp/lib -lusenwp -lmi -lhdf5 -Wl,-rpath=/home/anettelb/cpp/lib -lproj  -lgfortran >&5
configure:3294: $? = 0
configure:3303: result: yes
configure:3359: checking for TIFFOpen in -ltiff
configure:3384: gcc -o conftest -g -O2  -I/home/anettelb/cpp/include -I/home/anettelb/cpp/include -I/home/anettelb/cpp/include -I/usr/include  -L/home/anettelb/cpp/lib -L/home/anettelb/cpp/lib -L/home/anettelb/cpp/lib -L/usr/lib conftest.c -ltiff  -Wl,-rpath=/usr/lib -ltiff -Wl,-rpath=/home/anettelb/cpp/lib -losihdf5 -Wl,-rpath=/home/anettelb/cpp/lib -lusenwp -lmi -lhdf5 -Wl,-rpath=/home/anettelb/cpp/lib -lproj  -lgfortran >&5
configure:3384: $? = 0
configure:3393: result: yes
configure:3453: checking for fmivec in -lfmutil
configure:3478: gcc -o conftest -g -O2  -I/home/anettelb/cpp/include -I/home/anettelb/cpp/include -I/home/anettelb/cpp/include -I/usr/include -I/home/anettelb/cpp/include  -L/home/anettelb/cpp/lib -L/home/anettelb/cpp/lib -L/home/anettelb/cpp/lib -L/usr/lib -L/home/anettelb/cpp/lib conftest.c -lfmutil  -Wl,-rpath=/home/anettelb/cpp/lib -lfmutil -Wl,-rpath=/usr/lib -ltiff -Wl,-rpath=/home/anettelb/cpp/lib -losihdf5 -Wl,-rpath=/home/anettelb/cpp/lib -lusenwp -lmi -lhdf5 -Wl,-rpath=/home/anettelb/cpp/lib -lproj  -lgfortran >&5
configure:3478: $? = 0
configure:3487: result: yes
configure:3543: checking for fm_readheader in -lfmio
configure:3568: gcc -o conftest -g -O2  -I/home/anettelb/cpp/include -I/home/anettelb/cpp/include -I/home/anettelb/cpp/include -I/usr/include -I/home/anettelb/cpp/include -I/home/anettelb/cpp/include  -L/home/anettelb/cpp/lib -L/home/anettelb/cpp/lib -L/home/anettelb/cpp/lib -L/usr/lib -L/home/anettelb/cpp/lib -L/home/anettelb/cpp/lib conftest.c -lfmio  -Wl,-rpath=/home/anettelb/cpp/lib -lfmio -Wl,-rpath=/home/anettelb/cpp/lib -lfmutil -Wl,-rpath=/usr/lib -ltiff -Wl,-rpath=/home/anettelb/cpp/lib -losihdf5 -Wl,-rpath=/home/anettelb/cpp/lib -lusenwp -lmi -lhdf5 -Wl,-rpath=/home/anettelb/cpp/lib -lproj  -lgfortran >&5
configure:3568: $? = 0
configure:3577: result: yes
configure:3613: checking how to run the C preprocessor
configure:3644: gcc -E  -I/home/anettelb/cpp/include -I/home/anettelb/cpp/include -I/home/anettelb/cpp/include -I/usr/include -I/home/anettelb/cpp/include -I/home/anettelb/cpp/include conftest.c
configure:3644: $? = 0
configure:3658: gcc -E  -I/home/anettelb/cpp/include -I/home/anettelb/cpp/include -I/home/anettelb/cpp/include -I/usr/include -I/home/anettelb/cpp/include -I/home/anettelb/cpp/include conftest.c
conftest.c:17:28: fatal error: ac_nonexistent.h: No such file or directory
compilation terminated.
configure:3658: $? = 1
configure: failed program was:
| /* confdefs.h */
| #define PACKAGE_NAME "METNO FMSNOWCOVER"
| #define PACKAGE_TARNAME "metno-fmsnowcover"
| #define PACKAGE_VERSION "0.1"
| #define PACKAGE_STRING "METNO FMSNOWCOVER 0.1"
| #define PACKAGE_BUGREPORT "o.godoy@met.no"
| #define PACKAGE_URL ""
| #define FMSNOWCOVER_HAVE_LIBPROJ 1
| #define FMSNOWCOVER_HAVE_LIBHDF5 1
| #define FMSNOWCOVER_HAVE_LIBMI 1
| #define FMSNOWCOVER_HAVE_LIBUSENWP 1
| #define FMSNOWCOVER_HAVE_LIBOSIHDF5 1
| #define FMSNOWCOVER_HAVE_LIBTIFF 1
| #define FMSNOWCOVER_HAVE_LIBFMUTIL 1
| #define FMSNOWCOVER_HAVE_LIBFMIO 1
| /* end confdefs.h.  */
| #include <ac_nonexistent.h>
configure:3683: result: gcc -E
configure:3703: gcc -E  -I/home/anettelb/cpp/include -I/home/anettelb/cpp/include -I/home/anettelb/cpp/include -I/usr/include -I/home/anettelb/cpp/include -I/home/anettelb/cpp/include conftest.c
configure:3703: $? = 0
configure:3717: gcc -E  -I/home/anettelb/cpp/include -I/home/anettelb/cpp/include -I/home/anettelb/cpp/include -I/usr/include -I/home/anettelb/cpp/include -I/home/anettelb/cpp/include conftest.c
conftest.c:17:28: fatal error: ac_nonexistent.h: No such file or directory
compilation terminated.
configure:3717: $? = 1
configure: failed program was:
| /* confdefs.h */
| #define PACKAGE_NAME "METNO FMSNOWCOVER"
| #define PACKAGE_TARNAME "metno-fmsnowcover"
| #define PACKAGE_VERSION "0.1"
| #define PACKAGE_STRING "METNO FMSNOWCOVER 0.1"
| #define PACKAGE_BUGREPORT "o.godoy@met.no"
| #define PACKAGE_URL ""
| #define FMSNOWCOVER_HAVE_LIBPROJ 1
| #define FMSNOWCOVER_HAVE_LIBHDF5 1
| #define FMSNOWCOVER_HAVE_LIBMI 1
| #define FMSNOWCOVER_HAVE_LIBUSENWP 1
| #define FMSNOWCOVER_HAVE_LIBOSIHDF5 1
| #define FMSNOWCOVER_HAVE_LIBTIFF 1
| #define FMSNOWCOVER_HAVE_LIBFMUTIL 1
| #define FMSNOWCOVER_HAVE_LIBFMIO 1
| /* end confdefs.h.  */
| #include <ac_nonexistent.h>
configure:3746: checking for grep that handles long lines and -e
configure:3804: result: /bin/grep
configure:3809: checking for egrep
configure:3871: result: /bin/grep -E
configure:3876: checking for ANSI C header files
configure:3896: gcc -c -g -O2  -I/home/anettelb/cpp/include -I/home/anettelb/cpp/include -I/home/anettelb/cpp/include -I/usr/include -I/home/anettelb/cpp/include -I/home/anettelb/cpp/include conftest.c >&5
configure:3896: $? = 0
configure:3969: gcc -o conftest -g -O2  -I/home/anettelb/cpp/include -I/home/anettelb/cpp/include -I/home/anettelb/cpp/include -I/usr/include -I/home/anettelb/cpp/include -I/home/anettelb/cpp/include  -L/home/anettelb/cpp/lib -L/home/anettelb/cpp/lib -L/home/anettelb/cpp/lib -L/usr/lib -L/home/anettelb/cpp/lib -L/home/anettelb/cpp/lib conftest.c -Wl,-rpath=/home/anettelb/cpp/lib -lfmio -Wl,-rpath=/home/anettelb/cpp/lib -lfmutil -Wl,-rpath=/usr/lib -ltiff -Wl,-rpath=/home/anettelb/cpp/lib -losihdf5 -Wl,-rpath=/home/anettelb/cpp/lib -lusenwp -lmi -lhdf5 -Wl,-rpath=/home/anettelb/cpp/lib -lproj  -lgfortran >&5
configure:3969: $? = 0
configure:3969: ./conftest
configure:3969: $? = 0
configure:3980: result: yes
configure:3996: checking for sys/types.h
configure:3996: gcc -c -g -O2  -I/home/anettelb/cpp/include -I/home/anettelb/cpp/include -I/home/anettelb/cpp/include -I/usr/include -I/home/anettelb/cpp/include -I/home/anettelb/cpp/include conftest.c >&5
configure:3996: $? = 0
configure:3996: result: yes
configure:3996: checking for sys/stat.h
configure:3996: gcc -c -g -O2  -I/home/anettelb/cpp/include -I/home/anettelb/cpp/include -I/home/anettelb/cpp/include -I/usr/include -I/home/anettelb/cpp/include -I/home/anettelb/cpp/include conftest.c >&5
configure:3996: $? = 0
configure:3996: result: yes
configure:3996: checking for stdlib.h
configure:3996: gcc -c -g -O2  -I/home/anettelb/cpp/include -I/home/anettelb/cpp/include -I/home/anettelb/cpp/include -I/usr/include -I/home/anettelb/cpp/include -I/home/anettelb/cpp/include conftest.c >&5
configure:3996: $? = 0
configure:3996: result: yes
configure:3996: checking for string.h
configure:3996: gcc -c -g -O2  -I/home/anettelb/cpp/include -I/home/anettelb/cpp/include -I/home/anettelb/cpp/include -I/usr/include -I/home/anettelb/cpp/include -I/home/anettelb/cpp/include conftest.c >&5
configure:3996: $? = 0
configure:3996: result: yes
configure:3996: checking for memory.h
configure:3996: gcc -c -g -O2  -I/home/anettelb/cpp/include -I/home/anettelb/cpp/include -I/home/anettelb/cpp/include -I/usr/include -I/home/anettelb/cpp/include -I/home/anettelb/cpp/include conftest.c >&5
configure:3996: $? = 0
configure:3996: result: yes
configure:3996: checking for strings.h
configure:3996: gcc -c -g -O2  -I/home/anettelb/cpp/include -I/home/anettelb/cpp/include -I/home/anettelb/cpp/include -I/usr/include -I/home/anettelb/cpp/include -I/home/anettelb/cpp/include conftest.c >&5
configure:3996: $? = 0
configure:3996: result: yes
configure:3996: checking for inttypes.h
configure:3996: gcc -c -g -O2  -I/home/anettelb/cpp/include -I/home/anettelb/cpp/include -I/home/anettelb/cpp/include -I/usr/include -I/home/anettelb/cpp/include -I/home/anettelb/cpp/include conftest.c >&5
configure:3996: $? = 0
configure:3996: result: yes
configure:3996: checking for stdint.h
configure:3996: gcc -c -g -O2  -I/home/anettelb/cpp/include -I/home/anettelb/cpp/include -I/home/anettelb/cpp/include -I/usr/include -I/home/anettelb/cpp/include -I/home/anettelb/cpp/include conftest.c >&5
configure:3996: $? = 0
configure:3996: result: yes
configure:3996: checking for unistd.h
configure:3996: gcc -c -g -O2  -I/home/anettelb/cpp/include -I/home/anettelb/cpp/include -I/home/anettelb/cpp/include -I/usr/include -I/home/anettelb/cpp/include -I/home/anettelb/cpp/include conftest.c >&5
configure:3996: $? = 0
configure:3996: result: yes
configure:4010: checking for stdlib.h
configure:4010: result: yes
configure:4020: checking for GNU libc compatible malloc
configure:4044: gcc -o conftest -g -O2  -I/home/anettelb/cpp/include -I/home/anettelb/cpp/include -I/home/anettelb/cpp/include -I/usr/include -I/home/anettelb/cpp/include -I/home/anettelb/cpp/include  -L/home/anettelb/cpp/lib -L/home/anettelb/cpp/lib -L/home/anettelb/cpp/lib -L/usr/lib -L/home/anettelb/cpp/lib -L/home/anettelb/cpp/lib conftest.c -Wl,-rpath=/home/anettelb/cpp/lib -lfmio -Wl,-rpath=/home/anettelb/cpp/lib -lfmutil -Wl,-rpath=/usr/lib -ltiff -Wl,-rpath=/home/anettelb/cpp/lib -losihdf5 -Wl,-rpath=/home/anettelb/cpp/lib -lusenwp -lmi -lhdf5 -Wl,-rpath=/home/anettelb/cpp/lib -lproj  -lgfortran >&5
configure:4044: $? = 0
configure:4044: ./conftest
configure:4044: $? = 0
configure:4054: result: yes
configure:4228: creating ./config.status

## ---------------------- ##
## Running config.status. ##
## ---------------------- ##

This file was extended by METNO FMSNOWCOVER config.status 0.1, which was
generated by GNU Autoconf 2.68.  Invocation command line was

  CONFIG_FILES    = 
  CONFIG_HEADERS  = 
  CONFIG_LINKS    = 
  CONFIG_COMMANDS = 
  $ ./config.status 

on pc4418

config.status:740: creating Makefile
config.status:740: creating src/Makefile
configure:5242: WARNING: unrecognized options: --with-hef5, --with-milib
configure:5250: result:  
configure:5252: result: METNO FMSNOWCOVER 0.1
configure:5254: result: Configuration:
configure:5256: result: ------------------------------------------------------------
configure:5258: result:  
configure:5260: result: Compiler:	gcc
configure:5262: result:  
configure:5264: result: Source Code:      .
configure:5266: result: Host System:      
configure:5268: result:   
configure:5270: result: Prefix:           /home/anettelb/cpp
configure:5272: result: Binaries:         ${prefix}
configure:5274: result: Manuals:          ${datarootdir}/man
configure:5276: result: Data:             ${datarootdir}
configure:5278: result: System Config:    ${prefix}/etc
configure:5280: result:  
configure:5282: result: CPPFLAGS:          -I/home/anettelb/cpp/include -I/home/anettelb/cpp/include -I/home/anettelb/cpp/include -I/usr/include -I/home/anettelb/cpp/include -I/home/anettelb/cpp/include
configure:5284: result: LDFLAGS:           -L/home/anettelb/cpp/lib -L/home/anettelb/cpp/lib -L/home/anettelb/cpp/lib -L/usr/lib -L/home/anettelb/cpp/lib -L/home/anettelb/cpp/lib
configure:5286: result: LIBS:             -Wl,-rpath=/home/anettelb/cpp/lib -lfmio -Wl,-rpath=/home/anettelb/cpp/lib -lfmutil -Wl,-rpath=/usr/lib -ltiff -Wl,-rpath=/home/anettelb/cpp/lib -losihdf5 -Wl,-rpath=/home/anettelb/cpp/lib -lusenwp -lmi -lhdf5 -Wl,-rpath=/home/anettelb/cpp/lib -lproj  -lgfortran
configure:5288: result: DEFS:             -DPACKAGE_NAME=\"METNO\ FMSNOWCOVER\" -DPACKAGE_TARNAME=\"metno-fmsnowcover\" -DPACKAGE_VERSION=\"0.1\" -DPACKAGE_STRING=\"METNO\ FMSNOWCOVER\ 0.1\" -DPACKAGE_BUGREPORT=\"o.godoy@met.no\" -DPACKAGE_URL=\"\" -DFMSNOWCOVER_HAVE_LIBPROJ=1 -DFMSNOWCOVER_HAVE_LIBHDF5=1 -DFMSNOWCOVER_HAVE_LIBMI=1 -DFMSNOWCOVER_HAVE_LIBUSENWP=1 -DFMSNOWCOVER_HAVE_LIBOSIHDF5=1 -DFMSNOWCOVER_HAVE_LIBTIFF=1 -DFMSNOWCOVER_HAVE_LIBFMUTIL=1 -DFMSNOWCOVER_HAVE_LIBFMIO=1 -DSTDC_HEADERS=1 -DHAVE_SYS_TYPES_H=1 -DHAVE_SYS_STAT_H=1 -DHAVE_STDLIB_H=1 -DHAVE_STRING_H=1 -DHAVE_MEMORY_H=1 -DHAVE_STRINGS_H=1 -DHAVE_INTTYPES_H=1 -DHAVE_STDINT_H=1 -DHAVE_UNISTD_H=1 -DHAVE_STDLIB_H=1 -DHAVE_MALLOC=1
configure:5290: result:   
configure:5292: result: ------------------------------------------------------------
configure:5294: result:  

## ---------------- ##
## Cache variables. ##
## ---------------- ##

ac_cv_c_compiler_gnu=yes
ac_cv_env_CC_set=
ac_cv_env_CC_value=
ac_cv_env_CFLAGS_set=
ac_cv_env_CFLAGS_value=
ac_cv_env_CPPFLAGS_set=
ac_cv_env_CPPFLAGS_value=
ac_cv_env_CPP_set=
ac_cv_env_CPP_value=
ac_cv_env_LDFLAGS_set=
ac_cv_env_LDFLAGS_value=
ac_cv_env_LIBS_set=
ac_cv_env_LIBS_value=
ac_cv_env_build_alias_set=
ac_cv_env_build_alias_value=
ac_cv_env_host_alias_set=
ac_cv_env_host_alias_value=
ac_cv_env_target_alias_set=
ac_cv_env_target_alias_value=
ac_cv_func_malloc_0_nonnull=yes
ac_cv_header_inttypes_h=yes
ac_cv_header_memory_h=yes
ac_cv_header_stdc=yes
ac_cv_header_stdint_h=yes
ac_cv_header_stdlib_h=yes
ac_cv_header_string_h=yes
ac_cv_header_strings_h=yes
ac_cv_header_sys_stat_h=yes
ac_cv_header_sys_types_h=yes
ac_cv_header_unistd_h=yes
ac_cv_lib_fmio_fm_readheader=yes
ac_cv_lib_fmutil_fmivec=yes
ac_cv_lib_hdf5_H5Fopen=yes
ac_cv_lib_mi_mrfelt_=yes
ac_cv_lib_osihdf5_init_osihdf=yes
ac_cv_lib_proj_pj_init=yes
ac_cv_lib_tiff_TIFFOpen=yes
ac_cv_lib_usenwp_getfield_=yes
ac_cv_objext=o
ac_cv_path_EGREP='/bin/grep -E'
ac_cv_path_GREP=/bin/grep
ac_cv_prog_CPP='gcc -E'
ac_cv_prog_ac_ct_CC=gcc
ac_cv_prog_cc_c89=
ac_cv_prog_cc_g=yes

## ----------------- ##
## Output variables. ##
## ----------------- ##

CC='gcc'
CFLAGS='-g -O2'
CPP='gcc -E'
CPPFLAGS=' -I/home/anettelb/cpp/include -I/home/anettelb/cpp/include -I/home/anettelb/cpp/include -I/usr/include -I/home/anettelb/cpp/include -I/home/anettelb/cpp/include'
DEFS='-DPACKAGE_NAME=\"METNO\ FMSNOWCOVER\" -DPACKAGE_TARNAME=\"metno-fmsnowcover\" -DPACKAGE_VERSION=\"0.1\" -DPACKAGE_STRING=\"METNO\ FMSNOWCOVER\ 0.1\" -DPACKAGE_BUGREPORT=\"o.godoy@met.no\" -DPACKAGE_URL=\"\" -DFMSNOWCOVER_HAVE_LIBPROJ=1 -DFMSNOWCOVER_HAVE_LIBHDF5=1 -DFMSNOWCOVER_HAVE_LIBMI=1 -DFMSNOWCOVER_HAVE_LIBUSENWP=1 -DFMSNOWCOVER_HAVE_LIBOSIHDF5=1 -DFMSNOWCOVER_HAVE_LIBTIFF=1 -DFMSNOWCOVER_HAVE_LIBFMUTIL=1 -DFMSNOWCOVER_HAVE_LIBFMIO=1 -DSTDC_HEADERS=1 -DHAVE_SYS_TYPES_H=1 -DHAVE_SYS_STAT_H=1 -DHAVE_STDLIB_H=1 -DHAVE_STRING_H=1 -DHAVE_MEMORY_H=1 -DHAVE_STRINGS_H=1 -DHAVE_INTTYPES_H=1 -DHAVE_STDINT_H=1 -DHAVE_UNISTD_H=1 -DHAVE_STDLIB_H=1 -DHAVE_MALLOC=1'
ECHO_C=''
ECHO_N='-n'
ECHO_T=''
EGREP='/bin/grep -E'
EXEEXT=''
GREP='/bin/grep'
LDFLAGS=' -L/home/anettelb/cpp/lib -L/home/anettelb/cpp/lib -L/home/anettelb/cpp/lib -L/usr/lib -L/home/anettelb/cpp/lib -L/home/anettelb/cpp/lib'
LIBOBJS=''
LIBS='-Wl,-rpath=/home/anettelb/cpp/lib -lfmio -Wl,-rpath=/home/anettelb/cpp/lib -lfmutil -Wl,-rpath=/usr/lib -ltiff -Wl,-rpath=/home/anettelb/cpp/lib -losihdf5 -Wl,-rpath=/home/anettelb/cpp/lib -lusenwp -lmi -lhdf5 -Wl,-rpath=/home/anettelb/cpp/lib -lproj  -lgfortran'
LTLIBOBJS=''
OBJEXT='o'
PACKAGE_BUGREPORT='o.godoy@met.no'
PACKAGE_NAME='METNO FMSNOWCOVER'
PACKAGE_STRING='METNO FMSNOWCOVER 0.1'
PACKAGE_TARNAME='metno-fmsnowcover'
PACKAGE_URL=''
PACKAGE_VERSION='0.1'
PATH_SEPARATOR=':'
SHELL='/bin/bash'
ac_ct_CC='gcc'
bindir='${exec_prefix}/bin'
build_alias=''
datadir='${datarootdir}'
datarootdir='${prefix}/share'
docdir='${datarootdir}/doc/${PACKAGE_TARNAME}'
dvidir='${docdir}'
exec_prefix='${prefix}'
host_alias=''
htmldir='${docdir}'
includedir='${prefix}/include'
infodir='${datarootdir}/info'
libdir='${exec_prefix}/lib'
libexecdir='${exec_prefix}/libexec'
localedir='${datarootdir}/locale'
localstatedir='${prefix}/var'
mandir='${datarootdir}/man'
oldincludedir='/usr/include'
pdfdir='${docdir}'
prefix='/home/anettelb/cpp'
program_transform_name='s,x,x,'
psdir='${docdir}'
sbindir='${exec_prefix}/sbin'
sharedstatedir='${prefix}/com'
sysconfdir='${prefix}/etc'
target_alias=''

## ----------- ##
## confdefs.h. ##
## ----------- ##

/* confdefs.h */
#define PACKAGE_NAME "METNO FMSNOWCOVER"
#define PACKAGE_TARNAME "metno-fmsnowcover"
#define PACKAGE_VERSION "0.1"
#define PACKAGE_STRING "METNO FMSNOWCOVER 0.1"
#define PACKAGE_BUGREPORT "o.godoy@met.no"
#define PACKAGE_URL ""
#define FMSNOWCOVER_HAVE_LIBPROJ 1
#define FMSNOWCOVER_HAVE_LIBHDF5 1
#define FMSNOWCOVER_HAVE_LIBMI 1
#define FMSNOWCOVER_HAVE_LIBUSENWP 1
#define FMSNOWCOVER_HAVE_LIBOSIHDF5 1
#define FMSNOWCOVER_HAVE_LIBTIFF 1
#define FMSNOWCOVER_HAVE_LIBFMUTIL 1
#define FMSNOWCOVER_HAVE_LIBFMIO 1
#define STDC_HEADERS 1
#define HAVE_SYS_TYPES_H 1
#define HAVE_SYS_STAT_H 1
#define HAVE_STDLIB_H 1
#define HAVE_STRING_H 1
#define HAVE_MEMORY_H 1
#define HAVE_STRINGS_H 1
#define HAVE_INTTYPES_H 1
#define HAVE_STDINT_H 1
#define HAVE_UNISTD_H 1
#define HAVE_STDLIB_H 1
#define HAVE_MALLOC 1

configure: exit 0
