This file contains any messages produced by compilers while
running configure, to aid debugging if configure makes a mistake.

It was created by METNO Remote Sensing Applications Utility Library configure 1.0, which was
generated by GNU Autoconf 2.68.  Invocation command line was

  $ ./configure --with-proj=/home/anettelb/cpp --prefix=/home/anettelb/cpp

## --------- ##
## Platform. ##
## --------- ##

hostname = pc4418
uname -m = x86_64
uname -r = 3.8.0-26-generic
uname -s = Linux
uname -v = #38~precise2-Ubuntu SMP Thu Jun 20 18:29:36 UTC 2013

/usr/bin/uname -p = unknown
/bin/uname -X     = unknown

/bin/arch              = unknown
/usr/bin/arch -k       = unknown
/usr/convex/getsysinfo = unknown
/usr/bin/hostinfo      = unknown
/bin/machine           = unknown
/usr/bin/oslevel       = unknown
/bin/universe          = unknown

PATH: /home/anettelb/perl5/bin
PATH: /usr/lib/lightdm/lightdm
PATH: /usr/sbin
PATH: /usr/bin
PATH: /sbin
PATH: /bin
PATH: /usr/games
PATH: /usr/local/sbin
PATH: /usr/local/bin


## ----------- ##
## Core tests. ##
## ----------- ##

configure:2227: checking for a BSD-compatible install
configure:2295: result: /usr/bin/install -c
configure:2306: checking whether build environment is sane
configure:2356: result: yes
configure:2497: checking for a thread-safe mkdir -p
configure:2536: result: /bin/mkdir -p
configure:2549: checking for gawk
configure:2579: result: no
configure:2549: checking for mawk
configure:2565: found /usr/bin/mawk
configure:2576: result: mawk
configure:2587: checking whether make sets $(MAKE)
configure:2609: result: yes
configure:2747: checking if we should test for proj
configure:2750: result: yes
configure:2820: checking for gcc
configure:2836: found /usr/bin/gcc
configure:2847: result: gcc
configure:3076: checking for C compiler version
configure:3085: gcc --version >&5
gcc (Ubuntu/Linaro 4.6.3-1ubuntu5) 4.6.3
Copyright (C) 2011 Free Software Foundation, Inc.
This is free software; see the source for copying conditions.  There is NO
warranty; not even for MERCHANTABILITY or FITNESS FOR A PARTICULAR PURPOSE.

configure:3096: $? = 0
configure:3085: gcc -v >&5
Using built-in specs.
COLLECT_GCC=gcc
COLLECT_LTO_WRAPPER=/usr/lib/gcc/x86_64-linux-gnu/4.6/lto-wrapper
Target: x86_64-linux-gnu
Configured with: ../src/configure -v --with-pkgversion='Ubuntu/Linaro 4.6.3-1ubuntu5' --with-bugurl=file:///usr/share/doc/gcc-4.6/README.Bugs --enable-languages=c,c++,fortran,objc,obj-c++ --prefix=/usr --program-suffix=-4.6 --enable-shared --enable-linker-build-id --with-system-zlib --libexecdir=/usr/lib --without-included-gettext --enable-threads=posix --with-gxx-include-dir=/usr/include/c++/4.6 --libdir=/usr/lib --enable-nls --with-sysroot=/ --enable-clocale=gnu --enable-libstdcxx-debug --enable-libstdcxx-time=yes --enable-gnu-unique-object --enable-plugin --enable-objc-gc --disable-werror --with-arch-32=i686 --with-tune=generic --enable-checking=release --build=x86_64-linux-gnu --host=x86_64-linux-gnu --target=x86_64-linux-gnu
Thread model: posix
gcc version 4.6.3 (Ubuntu/Linaro 4.6.3-1ubuntu5) 
configure:3096: $? = 0
configure:3085: gcc -V >&5
gcc: error: unrecognized option '-V'
gcc: fatal error: no input files
compilation terminated.
configure:3096: $? = 4
configure:3085: gcc -qversion >&5
gcc: error: unrecognized option '-qversion'
gcc: fatal error: no input files
compilation terminated.
configure:3096: $? = 4
configure:3116: checking whether the C compiler works
configure:3138: gcc    conftest.c  >&5
configure:3142: $? = 0
configure:3190: result: yes
configure:3193: checking for C compiler default output file name
configure:3195: result: a.out
configure:3201: checking for suffix of executables
configure:3208: gcc -o conftest    conftest.c  >&5
configure:3212: $? = 0
configure:3234: result: 
configure:3256: checking whether we are cross compiling
configure:3264: gcc -o conftest    conftest.c  >&5
configure:3268: $? = 0
configure:3275: ./conftest
configure:3279: $? = 0
configure:3294: result: no
configure:3299: checking for suffix of object files
configure:3321: gcc -c   conftest.c >&5
configure:3325: $? = 0
configure:3346: result: o
configure:3350: checking whether we are using the GNU C compiler
configure:3369: gcc -c   conftest.c >&5
configure:3369: $? = 0
configure:3378: result: yes
configure:3387: checking whether gcc accepts -g
configure:3407: gcc -c -g  conftest.c >&5
configure:3407: $? = 0
configure:3448: result: yes
configure:3465: checking for gcc option to accept ISO C89
configure:3529: gcc  -c -g -O2  conftest.c >&5
configure:3529: $? = 0
configure:3542: result: none needed
configure:3573: checking for style of include used by make
configure:3601: result: GNU
configure:3627: checking dependency style of gcc
configure:3738: result: gcc3
configure:3796: checking for ranlib
configure:3812: found /usr/bin/ranlib
configure:3823: result: ranlib
configure:3854: checking how to run the C preprocessor
configure:3885: gcc -E  conftest.c
configure:3885: $? = 0
configure:3899: gcc -E  conftest.c
conftest.c:11:28: fatal error: ac_nonexistent.h: No such file or directory
compilation terminated.
configure:3899: $? = 1
configure: failed program was:
| /* confdefs.h */
| #define PACKAGE_NAME "METNO Remote Sensing Applications Utility Library"
| #define PACKAGE_TARNAME "libfmutil"
| #define PACKAGE_VERSION "1.0"
| #define PACKAGE_STRING "METNO Remote Sensing Applications Utility Library 1.0"
| #define PACKAGE_BUGREPORT "o.godoy@met.no"
| #define PACKAGE_URL ""
| #define PACKAGE "libfmutil"
| #define VERSION "1.0"
| /* end confdefs.h.  */
| #include <ac_nonexistent.h>
configure:3924: result: gcc -E
configure:3944: gcc -E  conftest.c
configure:3944: $? = 0
configure:3958: gcc -E  conftest.c
conftest.c:11:28: fatal error: ac_nonexistent.h: No such file or directory
compilation terminated.
configure:3958: $? = 1
configure: failed program was:
| /* confdefs.h */
| #define PACKAGE_NAME "METNO Remote Sensing Applications Utility Library"
| #define PACKAGE_TARNAME "libfmutil"
| #define PACKAGE_VERSION "1.0"
| #define PACKAGE_STRING "METNO Remote Sensing Applications Utility Library 1.0"
| #define PACKAGE_BUGREPORT "o.godoy@met.no"
| #define PACKAGE_URL ""
| #define PACKAGE "libfmutil"
| #define VERSION "1.0"
| /* end confdefs.h.  */
| #include <ac_nonexistent.h>
configure:3987: checking for grep that handles long lines and -e
configure:4045: result: /bin/grep
configure:4050: checking for egrep
configure:4112: result: /bin/grep -E
configure:4117: checking for ANSI C header files
configure:4137: gcc -c -g -O2  conftest.c >&5
configure:4137: $? = 0
configure:4210: gcc -o conftest -g -O2   conftest.c  >&5
configure:4210: $? = 0
configure:4210: ./conftest
configure:4210: $? = 0
configure:4221: result: yes
configure:4234: checking for sys/types.h
configure:4234: gcc -c -g -O2  conftest.c >&5
configure:4234: $? = 0
configure:4234: result: yes
configure:4234: checking for sys/stat.h
configure:4234: gcc -c -g -O2  conftest.c >&5
configure:4234: $? = 0
configure:4234: result: yes
configure:4234: checking for stdlib.h
configure:4234: gcc -c -g -O2  conftest.c >&5
configure:4234: $? = 0
configure:4234: result: yes
configure:4234: checking for string.h
configure:4234: gcc -c -g -O2  conftest.c >&5
configure:4234: $? = 0
configure:4234: result: yes
configure:4234: checking for memory.h
configure:4234: gcc -c -g -O2  conftest.c >&5
configure:4234: $? = 0
configure:4234: result: yes
configure:4234: checking for strings.h
configure:4234: gcc -c -g -O2  conftest.c >&5
configure:4234: $? = 0
configure:4234: result: yes
configure:4234: checking for inttypes.h
configure:4234: gcc -c -g -O2  conftest.c >&5
configure:4234: $? = 0
configure:4234: result: yes
configure:4234: checking for stdint.h
configure:4234: gcc -c -g -O2  conftest.c >&5
configure:4234: $? = 0
configure:4234: result: yes
configure:4234: checking for unistd.h
configure:4234: gcc -c -g -O2  conftest.c >&5
configure:4234: $? = 0
configure:4234: result: yes
configure:4249: checking stdio.h usability
configure:4249: gcc -c -g -O2  conftest.c >&5
configure:4249: $? = 0
configure:4249: result: yes
configure:4249: checking stdio.h presence
configure:4249: gcc -E  conftest.c
configure:4249: $? = 0
configure:4249: result: yes
configure:4249: checking for stdio.h
configure:4249: result: yes
configure:4249: checking for stdlib.h
configure:4249: result: yes
configure:4249: checking math.h usability
configure:4249: gcc -c -g -O2  conftest.c >&5
configure:4249: $? = 0
configure:4249: result: yes
configure:4249: checking math.h presence
configure:4249: gcc -E  conftest.c
configure:4249: $? = 0
configure:4249: result: yes
configure:4249: checking for math.h
configure:4249: result: yes
configure:4249: checking for string.h
configure:4249: result: yes
configure:4249: checking time.h usability
configure:4249: gcc -c -g -O2  conftest.c >&5
configure:4249: $? = 0
configure:4249: result: yes
configure:4249: checking time.h presence
configure:4249: gcc -E  conftest.c
configure:4249: $? = 0
configure:4249: result: yes
configure:4249: checking for time.h
configure:4249: result: yes
configure:4261: checking stdarg.h usability
configure:4261: gcc -c -g -O2  conftest.c >&5
configure:4261: $? = 0
configure:4261: result: yes
configure:4261: checking stdarg.h presence
configure:4261: gcc -E  conftest.c
configure:4261: $? = 0
configure:4261: result: yes
configure:4261: checking for stdarg.h
configure:4261: result: yes
configure:4280: checking projects.h usability
configure:4280: gcc -c -I/home/anettelb/cpp/include -g -O2 -I/home/anettelb/cpp/include  conftest.c >&5
configure:4280: $? = 0
configure:4280: result: yes
configure:4280: checking projects.h presence
configure:4280: gcc -E -I/home/anettelb/cpp/include  conftest.c
configure:4280: $? = 0
configure:4280: result: yes
configure:4280: checking for projects.h
configure:4280: result: yes
configure:4305: checking for strtof
configure:4305: gcc -o conftest -g -O2   conftest.c  >&5
configure:4305: $? = 0
configure:4305: result: yes
configure:4319: checking for strtol
configure:4319: gcc -o conftest -g -O2   conftest.c  >&5
configure:4319: $? = 0
configure:4319: result: yes
configure:4340: checking for projUV
configure:4340: gcc -c -I/home/anettelb/cpp/include -g -O2 -I/home/anettelb/cpp/include  conftest.c >&5
configure:4340: $? = 0
configure:4340: gcc -c -I/home/anettelb/cpp/include -g -O2 -I/home/anettelb/cpp/include  conftest.c >&5
conftest.c: In function 'main':
conftest.c:34:21: error: expected expression before ')' token
configure:4340: $? = 1
configure: failed program was:
| /* confdefs.h */
| #define PACKAGE_NAME "METNO Remote Sensing Applications Utility Library"
| #define PACKAGE_TARNAME "libfmutil"
| #define PACKAGE_VERSION "1.0"
| #define PACKAGE_STRING "METNO Remote Sensing Applications Utility Library 1.0"
| #define PACKAGE_BUGREPORT "o.godoy@met.no"
| #define PACKAGE_URL ""
| #define PACKAGE "libfmutil"
| #define VERSION "1.0"
| #define STDC_HEADERS 1
| #define HAVE_SYS_TYPES_H 1
| #define HAVE_SYS_STAT_H 1
| #define HAVE_STDLIB_H 1
| #define HAVE_STRING_H 1
| #define HAVE_MEMORY_H 1
| #define HAVE_STRINGS_H 1
| #define HAVE_INTTYPES_H 1
| #define HAVE_STDINT_H 1
| #define HAVE_UNISTD_H 1
| #define HAVE_STDIO_H 1
| #define HAVE_STDLIB_H 1
| #define HAVE_MATH_H 1
| #define HAVE_STRING_H 1
| #define HAVE_TIME_H 1
| #define HAVE_STDARG_H 1
| #define HAVE_STRTOF 1
| #define HAVE_STRTOL 1
| /* end confdefs.h.  */
| #include <projects.h>
| 
| int
| main ()
| {
| if (sizeof ((projUV)))
| 	    return 0;
|   ;
|   return 0;
| }
configure:4340: result: yes
configure:4374: checking whether we can compile with support to libproj
configure:4376: result: yes
configure:4398: Configure was successful.
configure:4541: creating ./config.status

## ---------------------- ##
## Running config.status. ##
## ---------------------- ##

This file was extended by METNO Remote Sensing Applications Utility Library config.status 1.0, which was
generated by GNU Autoconf 2.68.  Invocation command line was

  CONFIG_FILES    = 
  CONFIG_HEADERS  = 
  CONFIG_LINKS    = 
  CONFIG_COMMANDS = 
  $ ./config.status 

on pc4418

config.status:878: creating Makefile
config.status:878: creating src/Makefile
config.status:878: creating testsuite/Makefile
config.status:878: creating src/config.h
config.status:1059: src/config.h is unchanged
config.status:1107: executing src/fmutil_config.h commands
config.status:1145: creating src/fmutil_config.h - prefix FMUTIL for src/config.h defines
config.status:1167: src/fmutil_config.h is unchanged
config.status:1107: executing depfiles commands
configure:5967: result:  
configure:5969: result: METNO Remote Sensing Applications Utility Library 1.0
configure:5971: result: Configuration:
configure:5973: result: ------------------------------------------------------------
configure:5975: result:  
configure:5977: result: Source Code:      .
configure:5979: result: Host System:      
configure:5981: result:   
configure:5983: result: Prefix:           /home/anettelb/cpp
configure:5985: result: Binaries:         ${prefix}
configure:5987: result: Manuals:          ${datarootdir}/man
configure:5989: result: Data:             ${datarootdir}
configure:5991: result: System Config:    ${prefix}/etc
configure:5993: result:  
configure:5995: result: PROJ support:	 yes
configure:5997: result:  
configure:5999: result: CPPFLAGS:         
configure:6001: result: CFLAGS:           -g -O2 --std=c99 -g
configure:6003: result: LDFLAGS:          
configure:6005: result: LIBS:             
configure:6007: result: DEFS:             -DHAVE_CONFIG_H
configure:6009: result:   
configure:6011: result: ------------------------------------------------------------
configure:6013: result:  

## ---------------- ##
## Cache variables. ##
## ---------------- ##

ac_cv_c_compiler_gnu=yes
ac_cv_env_CC_set=
ac_cv_env_CC_value=
ac_cv_env_CFLAGS_set=
ac_cv_env_CFLAGS_value=
ac_cv_env_CPPFLAGS_set=
ac_cv_env_CPPFLAGS_value=
ac_cv_env_CPP_set=
ac_cv_env_CPP_value=
ac_cv_env_LDFLAGS_set=
ac_cv_env_LDFLAGS_value=
ac_cv_env_LIBS_set=
ac_cv_env_LIBS_value=
ac_cv_env_build_alias_set=
ac_cv_env_build_alias_value=
ac_cv_env_host_alias_set=
ac_cv_env_host_alias_value=
ac_cv_env_target_alias_set=
ac_cv_env_target_alias_value=
ac_cv_func_strtof=yes
ac_cv_func_strtol=yes
ac_cv_header_inttypes_h=yes
ac_cv_header_math_h=yes
ac_cv_header_memory_h=yes
ac_cv_header_projects_h=yes
ac_cv_header_stdarg_h=yes
ac_cv_header_stdc=yes
ac_cv_header_stdint_h=yes
ac_cv_header_stdio_h=yes
ac_cv_header_stdlib_h=yes
ac_cv_header_string_h=yes
ac_cv_header_strings_h=yes
ac_cv_header_sys_stat_h=yes
ac_cv_header_sys_types_h=yes
ac_cv_header_time_h=yes
ac_cv_header_unistd_h=yes
ac_cv_objext=o
ac_cv_path_EGREP='/bin/grep -E'
ac_cv_path_GREP=/bin/grep
ac_cv_path_install='/usr/bin/install -c'
ac_cv_path_mkdir=/bin/mkdir
ac_cv_prog_AWK=mawk
ac_cv_prog_CPP='gcc -E'
ac_cv_prog_ac_ct_CC=gcc
ac_cv_prog_ac_ct_RANLIB=ranlib
ac_cv_prog_cc_c89=
ac_cv_prog_cc_g=yes
ac_cv_prog_make_make_set=yes
ac_cv_type_projUV=yes
am_cv_CC_dependencies_compiler_type=gcc3

## ----------------- ##
## Output variables. ##
## ----------------- ##

ACLOCAL='${SHELL} /home/anettelb/prog/satellite/snoflak/fmlibs/libfmutil/trunk/config/missing --run aclocal-1.11'
AMDEPBACKSLASH='\'
AMDEP_FALSE='#'
AMDEP_TRUE=''
AMTAR='$${TAR-tar}'
AUTOCONF='${SHELL} /home/anettelb/prog/satellite/snoflak/fmlibs/libfmutil/trunk/config/missing --run autoconf'
AUTOHEADER='${SHELL} /home/anettelb/prog/satellite/snoflak/fmlibs/libfmutil/trunk/config/missing --run autoheader'
AUTOMAKE='${SHELL} /home/anettelb/prog/satellite/snoflak/fmlibs/libfmutil/trunk/config/missing --run automake-1.11'
AWK='mawk'
CC='gcc'
CCDEPMODE='depmode=gcc3'
CFLAGS='-g -O2'
CPP='gcc -E'
CPPFLAGS=''
CYGPATH_W='echo'
DEFS='-DHAVE_CONFIG_H'
DEPDIR='.deps'
ECHO_C=''
ECHO_N='-n'
ECHO_T=''
EGREP='/bin/grep -E'
EXEEXT=''
GREP='/bin/grep'
INSTALL_DATA='${INSTALL} -m 644'
INSTALL_PROGRAM='${INSTALL}'
INSTALL_SCRIPT='${INSTALL}'
INSTALL_STRIP_PROGRAM='$(install_sh) -c -s'
LDFLAGS=''
LIBOBJS=''
LIBS=''
LTLIBOBJS=''
MAKEINFO='${SHELL} /home/anettelb/prog/satellite/snoflak/fmlibs/libfmutil/trunk/config/missing --run makeinfo'
MKDIR_P='/bin/mkdir -p'
OBJEXT='o'
PACKAGE='libfmutil'
PACKAGE_BUGREPORT='o.godoy@met.no'
PACKAGE_NAME='METNO Remote Sensing Applications Utility Library'
PACKAGE_STRING='METNO Remote Sensing Applications Utility Library 1.0'
PACKAGE_TARNAME='libfmutil'
PACKAGE_URL=''
PACKAGE_VERSION='1.0'
PATH_SEPARATOR=':'
PROJ_CFLAGS='-I/home/anettelb/cpp/include'
PROJ_IS_ENABLED_FALSE='#'
PROJ_IS_ENABLED_TRUE=''
RANLIB='ranlib'
SET_MAKE=''
SHELL='/bin/bash'
STRIP=''
VERSION='1.0'
ac_ct_CC='gcc'
am__EXEEXT_FALSE=''
am__EXEEXT_TRUE='#'
am__fastdepCC_FALSE='#'
am__fastdepCC_TRUE=''
am__include='include'
am__isrc=''
am__leading_dot='.'
am__nodep='_no'
am__quote=''
am__tar='$${TAR-tar} chof - "$$tardir"'
am__untar='$${TAR-tar} xf -'
bindir='${exec_prefix}/bin'
build_alias=''
datadir='${datarootdir}'
datarootdir='${prefix}/share'
docdir='${datarootdir}/doc/${PACKAGE_TARNAME}'
dvidir='${docdir}'
exec_prefix='${prefix}'
global_CFLAGS='--std=c99 -g'
host_alias=''
htmldir='${docdir}'
includedir='${prefix}/include'
infodir='${datarootdir}/info'
install_sh='${SHELL} /home/anettelb/prog/satellite/snoflak/fmlibs/libfmutil/trunk/config/install-sh'
libdir='${exec_prefix}/lib'
libexecdir='${exec_prefix}/libexec'
localedir='${datarootdir}/locale'
localstatedir='${prefix}/var'
mandir='${datarootdir}/man'
mkdir_p='/bin/mkdir -p'
oldincludedir='/usr/include'
pdfdir='${docdir}'
prefix='/home/anettelb/cpp'
program_transform_name='s,x,x,'
psdir='${docdir}'
sbindir='${exec_prefix}/sbin'
sharedstatedir='${prefix}/com'
sysconfdir='${prefix}/etc'
target_alias=''

## ----------- ##
## confdefs.h. ##
## ----------- ##

/* confdefs.h */
#define PACKAGE_NAME "METNO Remote Sensing Applications Utility Library"
#define PACKAGE_TARNAME "libfmutil"
#define PACKAGE_VERSION "1.0"
#define PACKAGE_STRING "METNO Remote Sensing Applications Utility Library 1.0"
#define PACKAGE_BUGREPORT "o.godoy@met.no"
#define PACKAGE_URL ""
#define PACKAGE "libfmutil"
#define VERSION "1.0"
#define STDC_HEADERS 1
#define HAVE_SYS_TYPES_H 1
#define HAVE_SYS_STAT_H 1
#define HAVE_STDLIB_H 1
#define HAVE_STRING_H 1
#define HAVE_MEMORY_H 1
#define HAVE_STRINGS_H 1
#define HAVE_INTTYPES_H 1
#define HAVE_STDINT_H 1
#define HAVE_UNISTD_H 1
#define HAVE_STDIO_H 1
#define HAVE_STDLIB_H 1
#define HAVE_MATH_H 1
#define HAVE_STRING_H 1
#define HAVE_TIME_H 1
#define HAVE_STDARG_H 1
#define HAVE_STRTOF 1
#define HAVE_STRTOL 1
#define HAVE_LIBPROJ 1

configure: exit 0
